TN:
SF:app.js
FNF:0
FNH:0
DA:2,2
DA:3,2
DA:4,2
DA:6,2
DA:7,2
DA:9,2
DA:13,2
LF:7
LH:7
BRF:0
BRH:0
end_of_record
TN:
SF:services\discount-service.js
FN:3,applyDiscount
FNF:1
FNH:1
FNDA:5,applyDiscount
DA:4,5
DA:5,1
DA:8,4
DA:9,1
DA:12,3
DA:13,1
DA:16,2
DA:17,1
DA:20,2
DA:23,1
LF:10
LH:10
BRDA:4,0,0,1
BRDA:4,0,1,4
BRDA:8,1,0,1
BRDA:8,1,1,3
BRDA:12,2,0,1
BRDA:12,2,1,2
BRDA:16,3,0,1
BRDA:16,3,1,1
BRF:8
BRH:8
end_of_record
TN:
SF:services\login-service.js
FN:3,login
FNF:1
FNH:1
FNDA:3,login
DA:4,3
DA:5,1
DA:8,2
DA:10,2
DA:11,1
DA:14,1
DA:17,1
LF:7
LH:7
BRDA:4,0,0,1
BRDA:4,0,1,2
BRDA:4,1,0,3
BRDA:4,1,1,2
BRDA:10,2,0,1
BRDA:10,2,1,1
BRF:6
BRH:6
end_of_record
TN:
SF:services\payment-service.js
FN:3,processPayment
FN:26,validateCreditCard
FNF:2
FNH:2
FNDA:5,processPayment
FNDA:2,validateCreditCard
DA:4,5
DA:5,1
DA:8,4
DA:10,4
DA:11,1
DA:14,3
DA:15,1
DA:18,2
DA:19,1
DA:23,1
DA:28,2
DA:30,2
DA:33,1
LF:13
LH:13
BRDA:4,0,0,1
BRDA:4,0,1,4
BRDA:10,1,0,1
BRDA:10,1,1,3
BRDA:10,2,0,4
BRDA:10,2,1,4
BRDA:14,3,0,1
BRDA:14,3,1,2
BRDA:18,4,0,1
BRDA:18,4,1,1
BRF:10
BRH:10
end_of_record
TN:
SF:services\product-sale-service.js
FN:3,sellProduct
FNF:1
FNH:1
FNDA:3,sellProduct
DA:4,3
DA:5,1
DA:8,2
DA:9,1
DA:12,1
DA:14,1
DA:17,1
LF:7
LH:7
BRDA:4,0,0,1
BRDA:4,0,1,2
BRDA:8,1,0,1
BRDA:8,1,1,1
BRF:4
BRH:4
end_of_record
TN:
SF:services\product-service.js
FN:4,store
FNF:1
FNH:1
FNDA:1,store
DA:2,1
DA:5,1
DA:6,1
DA:9,1
LF:4
LH:4
BRF:0
BRH:0
end_of_record
TN:
SF:src\accounts.js
FN:4,createAccount
FN:6,(anonymous_1)
FN:15,deleteAccount
FN:19,(anonymous_3)
FN:25,login
FN:27,(anonymous_5)
FN:31,updateAccount
FN:33,(anonymous_7)
FN:51,getAccounts
FNF:9
FNH:9
FNDA:5,createAccount
FNDA:3,(anonymous_1)
FNDA:2,deleteAccount
FNDA:1,(anonymous_3)
FNDA:3,login
FNDA:3,(anonymous_5)
FNDA:3,updateAccount
FNDA:3,(anonymous_7)
FNDA:3,getAccounts
DA:1,1
DA:6,5
DA:7,3
DA:10,2
DA:11,2
DA:17,2
DA:19,2
DA:21,2
DA:27,3
DA:33,3
DA:36,3
DA:37,1
DA:41,2
DA:42,1
DA:46,1
DA:47,1
DA:53,3
DA:57,1
LF:18
LH:18
BRDA:6,0,0,3
BRDA:6,0,1,2
BRDA:21,1,0,1
BRDA:21,1,1,1
BRDA:27,2,0,3
BRDA:27,2,1,2
BRDA:36,3,0,1
BRDA:36,3,1,2
BRDA:41,4,0,1
BRDA:41,4,1,1
BRDA:41,5,0,2
BRDA:41,5,1,1
BRF:12
BRH:12
end_of_record
TN:
SF:src\carrito.js
FN:3,calculateTotal
FNF:1
FNH:1
FNDA:3,calculateTotal
DA:4,3
DA:5,3
DA:6,3
DA:8,3
DA:11,1
LF:5
LH:5
BRF:0
BRH:0
end_of_record
TN:
SF:src\cart.js
FN:3,addToCart
FN:14,removeFromCart
FN:16,(anonymous_2)
FN:25,proceedToCheckout
FN:36,getCartItems
FN:41,getCartQuantity
FNF:6
FNH:6
FNDA:7,addToCart
FNDA:3,removeFromCart
FNDA:2,(anonymous_2)
FNDA:2,proceedToCheckout
FNDA:5,getCartItems
FNDA:3,getCartQuantity
DA:1,1
DA:5,7
DA:6,2
DA:10,5
DA:11,5
DA:16,3
DA:17,3
DA:19,2
DA:20,2
DA:22,1
DA:27,2
DA:28,1
DA:32,1
DA:33,1
DA:38,5
DA:43,3
DA:47,1
LF:17
LH:17
BRDA:5,0,0,2
BRDA:5,0,1,5
BRDA:5,1,0,7
BRDA:5,1,1,6
BRDA:16,2,0,2
BRDA:16,2,1,2
BRDA:17,3,0,2
BRDA:17,3,1,1
BRDA:27,4,0,1
BRDA:27,4,1,1
BRF:10
BRH:10
end_of_record
TN:
SF:src\descuentos.js
FN:3,applyDiscount
FNF:1
FNH:1
FNDA:3,applyDiscount
DA:4,3
DA:5,1
DA:6,2
DA:7,1
DA:9,1
DA:11,1
DA:14,1
LF:7
LH:7
BRDA:4,0,0,1
BRDA:4,0,1,2
BRDA:4,1,0,3
BRDA:4,1,1,2
BRDA:6,2,0,1
BRDA:6,2,1,1
BRF:6
BRH:6
end_of_record
TN:
SF:src\envio.js
FN:3,getShippingCost
FNF:1
FNH:1
FNDA:3,getShippingCost
DA:4,3
DA:5,1
DA:6,2
DA:7,1
DA:9,1
DA:13,1
LF:6
LH:6
BRDA:4,0,0,1
BRDA:4,0,1,2
BRDA:6,1,0,1
BRDA:6,1,1,1
BRF:4
BRH:4
end_of_record
TN:
SF:src\inventario.js
FN:3,addProductToInventory
FN:8,calculateInventoryValue
FN:9,(anonymous_2)
FNF:3
FNH:3
FNDA:2,addProductToInventory
FNDA:1,calculateInventoryValue
FNDA:2,(anonymous_2)
DA:4,2
DA:5,2
DA:9,2
DA:12,1
LF:4
LH:4
BRF:0
BRH:0
end_of_record
TN:
SF:src\models\product.js
FNF:0
FNH:0
DA:1,2
DA:3,2
DA:18,2
DA:20,2
LF:4
LH:4
BRF:0
BRH:0
end_of_record
